<?xml version="1.0" encoding="UTF-8"?>
<coverage generated="1763431868476" clover="3.2.0">
  <project timestamp="1763431868476" name="All files">
    <metrics statements="8" coveredstatements="8" conditionals="1" coveredconditionals="1" methods="6" coveredmethods="6" elements="15" coveredelements="15" complexity="0" loc="8" ncloc="8" packages="1" files="1" classes="1"/>
    <file name="organization.service.ts" path="C:\Users\SAFIIRULISLAM\Projects\Milestone\src\api\v1\organizations\organization.service.ts">
      <metrics statements="8" coveredstatements="8" conditionals="1" coveredconditionals="1" methods="6" coveredmethods="6"/>
      <line num="2" count="2" type="stmt"/>
      <line num="4" count="2" type="stmt"/>
      <line num="5" count="2" type="cond" truecount="1" falsecount="0"/>
      <line num="8" count="1" type="stmt"/>
      <line num="12" count="2" type="stmt"/>
      <line num="16" count="1" type="stmt"/>
      <line num="23" count="1" type="stmt"/>
      <line num="27" count="1" type="stmt"/>
    </file>
  </project>
</coverage>
