{"C:\\Users\\SAFIIRULISLAM\\Projects\\Milestone\\src\\api\\v1\\organizations\\organization.service.ts": {"path":"C:\\Users\\SAFIIRULISLAM\\Projects\\Milestone\\src\\api\\v1\\organizations\\organization.service.ts","statementMap":{"0":{"start":{"line":2,"column":0},"end":{"line":2,"column":null}},"1":{"start":{"line":10,"column":22},"end":{"line":10,"column":29}},"2":{"start":{"line":13,"column":4},"end":{"line":13,"column":35}},"3":{"start":{"line":17,"column":4},"end":{"line":17,"column":34}},"4":{"start":{"line":21,"column":4},"end":{"line":21,"column":31}},"5":{"start":{"line":30,"column":19},"end":{"line":30,"column":77}},"6":{"start":{"line":32,"column":4},"end":{"line":36,"column":6}},"7":{"start":{"line":40,"column":4},"end":{"line":40,"column":39}},"8":{"start":{"line":44,"column":4},"end":{"line":44,"column":31}},"9":{"start":{"line":9,"column":0},"end":{"line":9,"column":13}}},"fnMap":{"0":{"name":"(anonymous_0)","decl":{"start":{"line":10,"column":2},"end":{"line":10,"column":22}},"loc":{"start":{"line":10,"column":58},"end":{"line":10,"column":62}}},"1":{"name":"(anonymous_1)","decl":{"start":{"line":12,"column":2},"end":{"line":12,"column":7}},"loc":{"start":{"line":12,"column":60},"end":{"line":14,"column":3}}},"2":{"name":"(anonymous_2)","decl":{"start":{"line":16,"column":2},"end":{"line":16,"column":7}},"loc":{"start":{"line":16,"column":26},"end":{"line":18,"column":3}}},"3":{"name":"(anonymous_3)","decl":{"start":{"line":20,"column":2},"end":{"line":20,"column":7}},"loc":{"start":{"line":20,"column":12},"end":{"line":22,"column":3}}},"4":{"name":"(anonymous_4)","decl":{"start":{"line":25,"column":2},"end":{"line":25,"column":7}},"loc":{"start":{"line":28,"column":34},"end":{"line":37,"column":3}}},"5":{"name":"(anonymous_5)","decl":{"start":{"line":39,"column":2},"end":{"line":39,"column":7}},"loc":{"start":{"line":39,"column":55},"end":{"line":41,"column":3}}},"6":{"name":"(anonymous_6)","decl":{"start":{"line":43,"column":2},"end":{"line":43,"column":7}},"loc":{"start":{"line":43,"column":25},"end":{"line":45,"column":3}}}},"branchMap":{"0":{"loc":{"start":{"line":10,"column":22},"end":{"line":10,"column":58}},"type":"default-arg","locations":[{"start":{"line":10,"column":29},"end":{"line":10,"column":58}}]},"1":{"loc":{"start":{"line":26,"column":4},"end":{"line":26,"column":37}},"type":"default-arg","locations":[{"start":{"line":26,"column":35},"end":{"line":26,"column":37}}]},"2":{"loc":{"start":{"line":34,"column":12},"end":{"line":34,"column":97}},"type":"cond-expr","locations":[{"start":{"line":34,"column":33},"end":{"line":34,"column":93}},{"start":{"line":34,"column":96},"end":{"line":34,"column":97}}]},"3":{"loc":{"start":{"line":34,"column":65},"end":{"line":34,"column":87}},"type":"binary-expr","locations":[{"start":{"line":34,"column":65},"end":{"line":34,"column":81}},{"start":{"line":34,"column":85},"end":{"line":34,"column":87}}]}},"s":{"0":2,"1":2,"2":1,"3":2,"4":1,"5":0,"6":0,"7":1,"8":1,"9":2},"f":{"0":2,"1":1,"2":2,"3":1,"4":0,"5":1,"6":1},"b":{"0":[1],"1":[0],"2":[0,0],"3":[0,0]}}
}
